<?xml version="1.0" encoding="UTF-8"?>
<testsuite xmlns:xsi="http://www.w3.org/2001/XMLSchema-instance" xsi:noNamespaceSchemaLocation="https://maven.apache.org/surefire/maven-surefire-plugin/xsd/surefire-test-report-3.0.xsd" version="3.0" name="com.fiap.deliveryservice.controller.CustomerControllerIntegrationTest" time="9.513" tests="1" errors="0" skipped="0" failures="0">
  <properties>
[...]
</properties>
  <testcase name="contextLoads" classname="com.fiap.deliveryservice.controller.CustomerControllerIntegrationTest" time="0.17">
    <system-out><![CDATA[
  .   ____          _            __ _ _
 /\\ / ___'_ __ _ _(_)_ __  __ _ \ \ \ \
( ( )\___ | '_ | '_| | '_ \/ _` | \ \ \ \
 \\/  ___)| |_)| | | | | || (_| |  ) ) ) )
  '  |____| .__|_| |_|_| |_\__, | / / / /
 =========|_|==============|___/=/_/_/_/
 :: Spring Boot ::                (v3.2.4)

2025-03-20T21:31:26.943-03:00  INFO 26536 --- [           main] .f.d.c.CustomerControllerIntegrationTest : Starting CustomerControllerIntegrationTest using Java 17.0.10 with PID 26536 (started by DELL in C:\Users\DELL\Desktop\postech2025\order-management-system\deliveryservice)
2025-03-20T21:31:26.953-03:00  INFO 26536 --- [           main] .f.d.c.CustomerControllerIntegrationTest : No active profile set, falling back to 1 default profile: "default"
2025-03-20T21:31:28.605-03:00  INFO 26536 --- [           main] .s.d.r.c.RepositoryConfigurationDelegate : Bootstrapping Spring Data JPA repositories in DEFAULT mode.
2025-03-20T21:31:28.668-03:00  INFO 26536 --- [           main] .s.d.r.c.RepositoryConfigurationDelegate : Finished Spring Data repository scanning in 34 ms. Found 0 JPA repository interfaces.
2025-03-20T21:31:30.028-03:00  INFO 26536 --- [           main] o.s.b.w.embedded.tomcat.TomcatWebServer  : Tomcat initialized with port 0 (http)
2025-03-20T21:31:30.067-03:00  INFO 26536 --- [           main] o.apache.catalina.core.StandardService   : Starting service [Tomcat]
2025-03-20T21:31:30.067-03:00  INFO 26536 --- [           main] o.apache.catalina.core.StandardEngine    : Starting Servlet engine: [Apache Tomcat/10.1.19]
2025-03-20T21:31:30.281-03:00  INFO 26536 --- [           main] o.a.c.c.C.[Tomcat].[localhost].[/]       : Initializing Spring embedded WebApplicationContext
2025-03-20T21:31:30.297-03:00  INFO 26536 --- [           main] w.s.c.ServletWebServerApplicationContext : Root WebApplicationContext: initialization completed in 3247 ms
2025-03-20T21:31:30.600-03:00  INFO 26536 --- [           main] com.zaxxer.hikari.HikariDataSource       : HikariPool-1 - Starting...
2025-03-20T21:31:31.092-03:00  INFO 26536 --- [           main] com.zaxxer.hikari.pool.HikariPool        : HikariPool-1 - Added connection conn0: url=jdbc:h2:mem:bb69eee8-f3a7-4f77-887e-a9207d4625ff user=SA
2025-03-20T21:31:31.104-03:00  INFO 26536 --- [           main] com.zaxxer.hikari.HikariDataSource       : HikariPool-1 - Start completed.
2025-03-20T21:31:31.242-03:00  INFO 26536 --- [           main] o.hibernate.jpa.internal.util.LogHelper  : HHH000204: Processing PersistenceUnitInfo [name: default]
2025-03-20T21:31:31.422-03:00  INFO 26536 --- [           main] org.hibernate.Version                    : HHH000412: Hibernate ORM core version 6.4.4.Final
2025-03-20T21:31:31.554-03:00  INFO 26536 --- [           main] o.h.c.internal.RegionFactoryInitiator    : HHH000026: Second-level cache disabled
2025-03-20T21:31:31.977-03:00  INFO 26536 --- [           main] o.s.o.j.p.SpringPersistenceUnitInfo      : No LoadTimeWeaver setup: ignoring JPA class transformer
2025-03-20T21:31:33.193-03:00  INFO 26536 --- [           main] o.h.e.t.j.p.i.JtaPlatformInitiator       : HHH000489: No JTA platform available (set 'hibernate.transaction.jta.platform' to enable JTA platform integration)
2025-03-20T21:31:33.205-03:00  INFO 26536 --- [           main] j.LocalContainerEntityManagerFactoryBean : Initialized JPA EntityManagerFactory for persistence unit 'default'
2025-03-20T21:31:33.312-03:00  WARN 26536 --- [           main] JpaBaseConfiguration$JpaWebConfiguration : spring.jpa.open-in-view is enabled by default. Therefore, database queries may be performed during view rendering. Explicitly configure spring.jpa.open-in-view to disable this warning
2025-03-20T21:31:34.493-03:00  INFO 26536 --- [           main] o.s.b.w.embedded.tomcat.TomcatWebServer  : Tomcat started on port 57134 (http) with context path ''
2025-03-20T21:31:34.515-03:00  INFO 26536 --- [           main] .f.d.c.CustomerControllerIntegrationTest : Started CustomerControllerIntegrationTest in 8.168 seconds (process running for 13.251)
]]></system-out>
  </testcase>
</testsuite>